<?xml version="1.0" encoding="UTF-8"?>
<!-- Generated by org.testng.reporters.JUnitXMLReporter -->
<testsuite ignored="2" hostname="ALBIN" failures="0" tests="1" name="Test" time="28.595" errors="0" timestamp="2025-04-17T15:27:09 IST">
  <testcase classname="reportextent.CreateContact3in1" name="createContactTest" time="17.496"/>
  <testcase classname="reportextent.CreateContact3in1" name="createContactWithSupportDate" time="0.0">
    <ignored/>
  </testcase> <!-- createContactWithSupportDate -->
  <testcase classname="reportextent.CreateContact3in1" name="createContactWithOrgTest" time="0.0">
    <ignored/>
  </testcase> <!-- createContactWithOrgTest -->
</testsuite> <!-- Test -->
