# JRE version: OpenJDK Runtime Environment Temurin-17.0.14+7 (17.0.14+7) (build 17.0.14+7)
# Java VM: OpenJDK 64-Bit Server VM Temurin-17.0.14+7 (17.0.14+7, mixed mode, sharing, tiered, compressed oops, compressed class ptrs, g1 gc, windows-amd64)
GC Precious Log:
 CPUs: 8 total, 8 available
 Memory: 6086M
 Large Page Support: Disabled
 NUMA Support: Disabled
 Compressed Oops: Enabled (32-bit)
 Heap Region Size: 1M
 Heap Min Capacity: 8M
 Heap Initial Capacity: 96M
 Heap Max Capacity: 1522M
 Pre-touch: Disabled
 Parallel Workers: 8
 Concurrent Workers: 2
 Concurrent Refinement Workers: 8
 Periodic GC: Disabled
Heap:
 garbage-first heap   total 48128K, used 25401K [0x00000000a0e00000, 0x0000000100000000)
  region size 1024K, 16 young (16384K), 2 survivors (2048K)
 Metaspace       used 24875K, committed 25216K, reserved 1114112K
  class space    used 3024K, committed 3200K, reserved 1048576K
GC Heap History (6 events):
Event: 1.584 GC heap before
{Heap before GC invocations=0 (full 0):
 garbage-first heap   total 98304K, used 22528K [0x00000000a0e00000, 0x0000000100000000)
  region size 1024K, 23 young (23552K), 0 survivors (0K)
 Metaspace       used 7436K, committed 7680K, reserved 1114112K
  class space    used 868K, committed 1024K, reserved 1048576K
}
Event: 1.593 GC heap after
{Heap after GC invocations=1 (full 0):
 garbage-first heap   total 98304K, used 6336K [0x00000000a0e00000, 0x0000000100000000)
  region size 1024K, 3 young (3072K), 3 survivors (3072K)
 Metaspace       used 7436K, committed 7680K, reserved 1114112K
  class space    used 868K, committed 1024K, reserved 1048576K
}
Event: 3.981 GC heap before
{Heap before GC invocations=1 (full 0):
 garbage-first heap   total 98304K, used 36032K [0x00000000a0e00000, 0x0000000100000000)
  region size 1024K, 32 young (32768K), 3 survivors (3072K)
 Metaspace       used 18790K, committed 19072K, reserved 1114112K
  class space    used 2270K, committed 2368K, reserved 1048576K
}
Event: 3.994 GC heap after
{Heap after GC invocations=2 (full 0):
 garbage-first heap   total 98304K, used 10315K [0x00000000a0e00000, 0x0000000100000000)
  region size 1024K, 4 young (4096K), 4 survivors (4096K)
 Metaspace       used 18790K, committed 19072K, reserved 1114112K
  class space    used 2270K, committed 2368K, reserved 1048576K
}
Event: 11.696 GC heap before
{Heap before GC invocations=2 (full 0):
 garbage-first heap   total 98304K, used 20555K [0x00000000a0e00000, 0x0000000100000000)
  region size 1024K, 15 young (15360K), 4 survivors (4096K)
 Metaspace       used 21224K, committed 21504K, reserved 1114112K
  class space    used 2614K, committed 2752K, reserved 1048576K
}
Event: 11.707 GC heap after
{Heap after GC invocations=3 (full 0):
 garbage-first heap   total 98304K, used 12089K [0x00000000a0e00000, 0x0000000100000000)
  region size 1024K, 2 young (2048K), 2 survivors (2048K)
 Metaspace       used 21224K, committed 21504K, reserved 1114112K
  class space    used 2614K, committed 2752K, reserved 1048576K
}

