<?xml version="1.0" encoding="UTF-8"?>
<!-- Generated by org.testng.reporters.JUnitXMLReporter -->
<testsuite ignored="0" hostname="ALBIN" failures="0" tests="3" name="Default test" time="67.584" errors="0" timestamp="2025-04-18T10:56:18 IST">
  <testcase classname="debugging.CreateOrganization3in1" name="createOrgWithIndustryType" time="18.601"/>
  <testcase classname="debugging.CreateOrganization3in1" name="createOrgWithPhoneNum" time="10.698"/>
  <testcase classname="debugging.CreateOrganization3in1" name="createOrganization" time="15.696"/>
</testsuite> <!-- Default test -->
